<?xml version="1.0" encoding="UTF-8"?>
<!-- Generated by org.testng.reporters.JUnitReportReporter -->
<testsuite hostname="DESKTOP-PM1TOV7" failures="0" tests="2" name="com.qa.test.DemoGetAPI" time="2.510" errors="0" timestamp="12 Apr 2024 05:42:33 GMT">
  <testcase classname="com.qa.test.DemoGetAPI" name="test_02" time="2.441"/>
  <testcase classname="com.qa.test.DemoGetAPI" name="test_01" time="0.069"/>
</testsuite> <!-- com.qa.test.DemoGetAPI -->
